<?xml version="1.0" encoding="UTF-8"?>
<testsuite name="TestSuite" time="32.959" tests="2" errors="0" skipped="1" failures="1">
  <properties>
[...]
</properties>
  <testcase name="setup" classname="testcases.ContactPageTest" time="32.959">
    <failure type="java.lang.NullPointerException:">java.lang.NullPointerException: null
	at sun.reflect.NativeMethodAccessorImpl.invoke0(Native Method)
	at sun.reflect.NativeMethodAccessorImpl.invoke(NativeMethodAccessorImpl.java:62)
	at sun.reflect.DelegatingMethodAccessorImpl.invoke(DelegatingMethodAccessorImpl.java:43)
	at java.lang.reflect.Method.invoke(Method.java:498)
	at org.openqa.selenium.support.pagefactory.internal.LocatingElementHandler.invoke(LocatingElementHandler.java:51)
	at com.sun.proxy.$Proxy4.getCoordinates(Unknown Source)
	at org.openqa.selenium.interactions.internal.MouseAction.getActionLocation(MouseAction.java:51)
	at org.openqa.selenium.interactions.MoveMouseAction.perform(MoveMouseAction.java:39)
	at org.openqa.selenium.interactions.CompositeAction.perform(CompositeAction.java:50)
	at pages.HomePage.clickOnNewContactLink(HomePage.java:25)
	at testcases.ContactPageTest.setup(ContactPageTest.java:25)
</failure>
    <system-out>http://www.freecrm.com
in login
</system-out>
    <system-err>Starting ChromeDriver 2.33.506120 (e3e53437346286c0bc2d2dc9aa4915ba81d9023f) on port 21757
Only local connections are allowed.
</system-err>
  </testcase>
  <testcase name="validateCreateNewContact" classname="testcases.ContactPageTest" time="0">
    <skipped/>
  </testcase>
</testsuite>