<?xml version="1.0" encoding="UTF-8"?>
<testng-results skipped="0" failed="0" total="1" passed="1">
  <reporter-output>
  </reporter-output>
  <suite name="Suite" duration-ms="22172" started-at="2018-02-02T05:56:19Z" finished-at="2018-02-02T05:56:41Z">
    <groups>
    </groups>
    <test name="Test" duration-ms="22172" started-at="2018-02-02T05:56:19Z" finished-at="2018-02-02T05:56:41Z">
      <class name="testcases.LoginTest">
        <test-method status="PASS" signature="setup()[pri:0, instance:testcases.LoginTest@3ffc5af1]" name="setup" is-config="true" duration-ms="12047" started-at="2018-02-02T11:26:19Z" finished-at="2018-02-02T11:26:31Z">
          <reporter-output>
          </reporter-output>
        </test-method> <!-- setup -->
        <test-method status="PASS" signature="loginTest()[pri:0, instance:testcases.LoginTest@3ffc5af1]" name="loginTest" duration-ms="8597" started-at="2018-02-02T11:26:31Z" finished-at="2018-02-02T11:26:40Z">
          <reporter-output>
          </reporter-output>
        </test-method> <!-- loginTest -->
        <test-method status="PASS" signature="teardown()[pri:0, instance:testcases.LoginTest@3ffc5af1]" name="teardown" is-config="true" duration-ms="1509" started-at="2018-02-02T11:26:40Z" finished-at="2018-02-02T11:26:41Z">
          <reporter-output>
          </reporter-output>
        </test-method> <!-- teardown -->
      </class> <!-- testcases.LoginTest -->
    </test> <!-- Test -->
  </suite> <!-- Suite -->
</testng-results>
